c:\users\xieshiheng\documents\visual studio 2015\projects\engine\engine\debug\vc140.pdb
c:\users\xieshiheng\documents\visual studio 2015\projects\engine\engine\debug\vc140.idb
c:\users\xieshiheng\documents\visual studio 2015\projects\engine\engine\debug\cameraclass.obj
c:\users\xieshiheng\documents\visual studio 2015\projects\engine\engine\debug\d3dclass.obj
c:\users\xieshiheng\documents\visual studio 2015\projects\engine\engine\debug\lightclass.obj
c:\users\xieshiheng\documents\visual studio 2015\projects\engine\engine\debug\modelclass.obj
c:\users\xieshiheng\documents\visual studio 2015\projects\engine\engine\debug\inputclass.obj
c:\users\xieshiheng\documents\visual studio 2015\projects\engine\engine\debug\objectclass.obj
c:\users\xieshiheng\documents\visual studio 2015\projects\engine\engine\debug\timerclass.obj
c:\users\xieshiheng\documents\visual studio 2015\projects\engine\engine\debug\cartoonshaderclass.obj
c:\users\xieshiheng\documents\visual studio 2015\projects\engine\engine\debug\colorshaderclass.obj
c:\users\xieshiheng\documents\visual studio 2015\projects\engine\engine\debug\graphicsclass.obj
c:\users\xieshiheng\documents\visual studio 2015\projects\engine\engine\debug\lightshaderclass.obj
c:\users\xieshiheng\documents\visual studio 2015\projects\engine\engine\debug\physicsclass.obj
c:\users\xieshiheng\documents\visual studio 2015\projects\engine\engine\debug\textureclass.obj
c:\users\xieshiheng\documents\visual studio 2015\projects\engine\engine\debug\textureshaderclass.obj
c:\users\xieshiheng\documents\visual studio 2015\projects\engine\engine\debug\main.obj
c:\users\xieshiheng\documents\visual studio 2015\projects\engine\engine\debug\systemclass.obj
c:\users\xieshiheng\documents\visual studio 2015\projects\engine\engine\debug\objectlist.obj
c:\users\xieshiheng\documents\visual studio 2015\projects\engine\engine\debug\objectlistclass.obj
c:\users\xieshiheng\documents\visual studio 2015\projects\engine\engine\debug\graphicscomponentclass.obj
c:\users\xieshiheng\documents\visual studio 2015\projects\engine\engine\debug\modelmapclass.obj
c:\users\xieshiheng\documents\visual studio 2015\projects\engine\engine\debug\texturemapclass.obj
c:\users\xieshiheng\documents\visual studio 2015\projects\engine\engine\debug\gameobjectlistclass.obj
c:\users\xieshiheng\documents\visual studio 2015\projects\engine\engine\debug\ballone.obj
c:\users\xieshiheng\documents\visual studio 2015\projects\engine\engine\debug\physicscomponentclass.obj
c:\users\xieshiheng\documents\visual studio 2015\projects\engine\engine\debug\gameobjectclass.obj
c:\users\xieshiheng\documents\visual studio 2015\projects\engine\engine\debug\sceneone.obj
c:\users\xieshiheng\documents\visual studio 2015\projects\engine\engine\debug\gamesceneclass.obj
c:\users\xieshiheng\documents\visual studio 2015\projects\engine\debug\engine.ilk
c:\users\xieshiheng\documents\visual studio 2015\projects\engine\debug\engine.exe
c:\users\xieshiheng\documents\visual studio 2015\projects\engine\debug\engine.pdb
c:\users\xieshiheng\documents\visual studio 2015\projects\engine\engine\debug\engine.tlog\cl.command.1.tlog
c:\users\xieshiheng\documents\visual studio 2015\projects\engine\engine\debug\engine.tlog\cl.read.1.tlog
c:\users\xieshiheng\documents\visual studio 2015\projects\engine\engine\debug\engine.tlog\cl.write.1.tlog
c:\users\xieshiheng\documents\visual studio 2015\projects\engine\engine\debug\engine.tlog\link.command.1.tlog
c:\users\xieshiheng\documents\visual studio 2015\projects\engine\engine\debug\engine.tlog\link.read.1.tlog
c:\users\xieshiheng\documents\visual studio 2015\projects\engine\engine\debug\engine.tlog\link.write.1.tlog
